[GhostNetwork:#script] <Buddha> .cs
[GhostNetwork:#script] <Buddha> .cs
[GhostNetwork:#script] <Buddha> .s
[GhostNetwork:#script] <Buddha> .cs
[GhostNetwork:#script] <Buddha> .cs
[GhostNetwork:#script] <Buddha> .cs
[GhostNetwork:#script] <Buddha> .s
[GhostNetwork:#script] <Buddha> .cs
[GhostNetwork:#script] <Buddha> .addbongs 25141
[GhostNetwork:#script] <Buddha> .addbongs 25141
[GhostNetwork:#script] <Buddha> .addbongs 25141
[GhostNetwork:#script] <Buddha> .cs
[GhostNetwork:#script] -!- mode/#script [+o Buddha] by Buddha
[GhostNetwork:#script] -!- mode/#script [-o Buddha] by Buddha
[GhostNetwork:#script] <Buddha> !op mary
[GhostNetwork:#script] <Buddha> !op
[GhostNetwork:#script] -!- mode/#script [+o Buddha] by Buddha
[GhostNetwork:#script] <Buddha> /op/who mary
[GhostNetwork:#script] -!- mode/#script [-o Mary] by Buddha
[GhostNetwork:#script] -!- mode/#script [+o Mary] by Buddha
[GhostNetwork:#script] -!- mode/#script [-o Mary] by Buddha
[GhostNetwork:#script] -!- mode/#script [-o Buddha] by Buddha
[GhostNetwork:#script] -!- mode/#script [+o Mary] by Buddha
[GhostNetwork:#script] <Buddha> And it's  ?  Mary's  ?  Turn to start the  countdown.
[GhostNetwork:#script] <Buddha> And it's  ?  Mary's  ?  Turn to start the  countdown.
[GhostNetwork:#script] <Buddha> And it's  ?  Mary's  ?  Turn to start the  countdown.
[GhostNetwork:#script] <Buddha> And it's  ?  Mary's  ?  Turn to start the  countdown.
[GhostNetwork:#script] <Buddha> And it's  ?  Mary's  ?  Turn to start the  countdown.
[GhostNetwork:#script] <Buddha> And it's  ?  Mary's  ?  Turn to start the  countdown.
[GhostNetwork:#script] <Buddha> And it's  ?  Mary's  ?  Turn to start the  countdown.
[GhostNetwork:#script] -!- mode/#script [-o Mary] by Buddha
[GhostNetwork:#script] -!- mode/#script [+o Mary] by Buddha
[GhostNetwork:#script] <Buddha> And it's  ?  Mary's  ?  Turn to start the  countdown.
[GhostNetwork:#script] <Buddha> And it's  ?  Mary's  ?  Turn to start the  countdown.
[GhostNetwork:#script] <Buddha> And it's  ?  Mary's  ?  Turn to start the  countdown.
[GhostNetwork:#script] <Buddha> And it's  ?  Mary's  ?  Turn to start the  countdown.
[GhostNetwork:#script] <Buddha> And it's  ?  Mary's  ?  Turn to start the  countdown.
[GhostNetwork:#script] -!- mode/#script [-o Mary] by Buddha
[GhostNetwork:#script] -!- mode/#script [+o Mary] by Buddha
[GhostNetwork:#script] <Buddha> And it's  ?  Mary's  ?  Turn to start the  countdown.
[GhostNetwork:#script] <Buddha> And it's  ?  Mary's  ?  Turn to start the  countdown.
[GhostNetwork:#script] <Buddha> .restart now
[GhostNetwork:#script] -!- mode/#script [+o Mary] by ChanServ
[GhostNetwork:#script] <Buddha> And it's  ?  Mary's  ?  Turn to start the  countdown.
[GhostNetwork:#script] <Buddha> And it's  ?  Mary's  ?  Turn to start the  countdown.
[GhostNetwork:#script] <Buddha> And it's  ?  Mary's  ?  Turn to start the  countdown.
[GhostNetwork:#script] <Buddha> And it's  ?  Mary's  ?  Turn to start the  countdown.
[GhostNetwork:#script] -!- mode/#script [-o Mary] by Buddha
[GhostNetwork:#script] -!- mode/#script [+o Mary] by Buddha
[GhostNetwork:#script] <Buddha> And it's  ?  Mary's  ?  Turn to start the  countdown.
[GhostNetwork:#script] <Buddha> And it's  ?  Mary's  ?  Turn to start the  countdown.
[GhostNetwork:#script] -!- mode/#script [-o Mary] by Buddha
[GhostNetwork:#script] -!- mode/#script [+o Mary] by Buddha
[GhostNetwork:#script] <Buddha> And it's  ?  Mary's  ?  Turn to start the  countdown.
[GhostNetwork:#script] -!- mode/#script [-o Mary] by Buddha
[GhostNetwork:#script] -!- mode/#script [+o Mary] by Buddha
[GhostNetwork:#script] <Buddha> And it's  ?  Mary's  ?  Turn to start the  countdown.
[GhostNetwork:#script] -!- mode/#script [-o Mary] by Buddha
[GhostNetwork:#script] -!- mode/#script [+o Mary] by Buddha
[GhostNetwork:#script] <Buddha> And it's  ?  Mary's  ?  Turn to start the  countdown.
[GhostNetwork:#script] -!- mode/#script [-o Mary] by Buddha
[GhostNetwork:#script] -!- mode/#script [+o Mary] by Buddha
[GhostNetwork:#script] <Buddha> And it's  ?  Mary's  ?  Turn to start the  countdown.
[GhostNetwork:#script] -!- mode/#script [-o Mary] by Buddha
[GhostNetwork:#script] -!- mode/#script [+o Mary] by Buddha
[GhostNetwork:#script] <Buddha> And it's  ?  Mary's  ?  Turn to start the  countdown.
[GhostNetwork:#script] -!- mode/#script [-o Mary] by Buddha
[GhostNetwork:#script] -!- mode/#script [+o Mary] by Buddha
[GhostNetwork:#script] <Buddha> And it's  ?  Mary's  ?  Turn to start the  countdown.
[GhostNetwork:#script] <Buddha> Go, Buddha 9773 Mary 1633 Spark it up!!!! Total  \xa4 \x03 25139  \xa4 \x03
[GhostNetwork:#script] -!- mode/#script [+o Mary] by ChanServ
[GhostNetwork:#script] <Buddha> .toke
[GhostNetwork:#script] <Buddha> .cs
[GhostNetwork:#script] <Buddha> .s
[GhostNetwork:#script] <Buddha> .s
[GhostNetwork:#script] <Buddha> .addbongs 25142
[GhostNetwork:#script] <Buddha> .s
[GhostNetwork:#script] <Buddha> .cs
[GhostNetwork:#script] <Buddha> .part
[GhostNetwork:#script] -!- Mary [~mary_jane@bot.bluntcave.com] has left (None)
[GhostNetwork:#script] -!- mode/#script [+o Mary] by ChanServ
[GhostNetwork:#script] <Buddha> .s
[GhostNetwork:#script] * Buddha does things
[GhostNetwork:#script] <Buddha> hahahahah
[GhostNetwork:#script] <Buddha> ahaha
[GhostNetwork:#script] <Buddha> .s
[GhostNetwork:#script] <Buddha> .saybongs
[GhostNetwork:#script] <Buddha> .saybongs
[GhostNetwork:#script] <Buddha> .saybongs
[GhostNetwork:#script] <Buddha> .beer old rasputin
[GhostNetwork:#script] <Buddha> .beer old rasputin
[GhostNetwork:#script] <Buddha> .beer old rasputin
[GhostNetwork:#script] <Buddha> .beer fistful
[GhostNetwork:#script] <Buddha> .beer fistful of unidragon
[GhostNetwork:#script] <Buddha> .beer fistful of unidragon
[GhostNetwork:#script] <Buddha> .beer fistful of unidragon
[GhostNetwork:#script] <Buddha> .addbongs 25147
