[GhostNetwork:#script] <Buddha> .starthunt
[GhostNetwork:#script] <Buddha> .hunt
[GhostNetwork:#script] <Buddha> .help hunt
[GhostNetwork:#script] <Buddha> .help duckhunt
[GhostNetwork:#script] <Buddha> .help starthunt
[GhostNetwork:#script] <Buddha> .bef
[GhostNetwork:#script] <Buddha> .load_optout
[GhostNetwork:#script] <Buddha> .stophunt
[GhostNetwork:#script] <Buddha> .hunt_opt_out add #theden
[GhostNetwork:#script] <Buddha> .hunt_opt_out add #script
[GhostNetwork:#script] <Buddha> .hunt_opt_out
[GhostNetwork:#script] <Buddha> .killers
[GhostNetwork:#script] <Buddha> .points Buddha
[GhostNetwork:#script] <Buddha> b++
[GhostNetwork:#script] <Buddha> .points b
[GhostNetwork:#script] <Buddha> .points
[GhostNetwork:#script] <Buddha> .top
[GhostNetwork:#script] <Buddha> .topall
[GhostNetwork:#script] <Buddha> .t
[GhostNetwork:#script] <Buddha> .taco
[GhostNetwork:#script] <Buddha> .taco Buddha 
[GhostNetwork:#script] <Buddha> .tv game of thrones
[GhostNetwork:#script] <Buddha> .tv_next game of thrones
[GhostNetwork:#script] <Buddha> .twitchtv
[GhostNetwork:#script] <Buddha> .twitch
[GhostNetwork:#script] <Buddha> .twinfo
[GhostNetwork:#script] <Buddha> .topten
[GhostNetwork:#script] <Buddha> .bottomten
[GhostNetwork:#script] <Buddha> .top10
[GhostNetwork:#script] <Buddha> .help
[GhostNetwork:#script] <Buddha> .help
[GhostNetwork:#script] <Buddha> .yt dozsa
[GhostNetwork:#script] <Buddha> .spotify rush
[GhostNetwork:#script] <Buddha> .say fuck
[GhostNetwork:#script] <Buddha> .killers
[GhostNetwork:#script] <Buddha> .f
[GhostNetwork:#script] <Buddha> .karma
[GhostNetwork:#script] <Buddha> .karma mr_holden
[GhostNetwork:#script] <Buddha> .rainbow
[GhostNetwork:#script] <Buddha> .rainbow FUCK ME!
[GhostNetwork:#script] <Buddha> .triforce
[GhostNetwork:#script] <Buddha> .op
[GhostNetwork:#script] <Buddha> .botcontrol
[GhostNetwork:#script] <Buddha> .b
[GhostNetwork:#script] <Buddha> .bot
[GhostNetwork:#script] <Buddha> .top
[GhostNetwork:#script] <Buddha> .help btc
[GhostNetwork:#script] <Buddha> .help admin
[GhostNetwork:#script] <Buddha> .admin
[GhostNetwork:#script] <Buddha> .control
[GhostNetwork:#script] <Buddha> .help
[GhostNetwork:#script] <Buddha> .g leafly girl scout
[GhostNetwork:#script] <Buddha> .g leafly girl scout cookies
[GhostNetwork:#script] <Buddha> .google leafly girl scout cookies
[GhostNetwork:#script] <Buddha> .g leafly girl scout cookies
[GhostNetwork:#script] <Buddha> .restart
[GhostNetwork:#script] <Buddha> .restart fixed script
[GhostNetwork:#script] <Buddha> .hunt_opt_out
[GhostNetwork:#script] <Buddha> .g leafly
[GhostNetwork:#script] <Buddha> .twitter realdonaldtrump
[GhostNetwork:#script] <Buddha> Donald Trump--
[GhostNetwork:#script] <Buddha> .bot
[GhostNetwork:#script] <Buddha> .amazon flood lamp
[GhostNetwork:#script] <Buddha> .az yard light
[GhostNetwork:#script] <Buddha> .rt interstellar
[GhostNetwork:#script] <Buddha> .seen buddha
[GhostNetwork:#script] <Buddha> .seen prem
[GhostNetwork:#script] <Buddha> .seen prem #smoke
[GhostNetwork:#script] <Buddha> .help seen
[GhostNetwork:#script] <Buddha> .seen Buddha smoke
[GhostNetwork:#script] <Buddha> .seen Buddha #theden
[GhostNetwork:#script] <Buddha> .seen Buddha #script
[GhostNetwork:#script] <Buddha> .spell
[GhostNetwork:#script] <Buddha> .seen eggbot
[GhostNetwork:#script] <Buddha> .seen eggbot #smoke
[GhostNetwork:#script] <Buddha> .map
[GhostNetwork:#script] <Buddha> .map three cocks
[GhostNetwork:#script] <Buddha> .hunt_opt_out
[GhostNetwork:#script] <Buddha> .hunt
[GhostNetwork:#script] <Buddha> .duckhunt
[GhostNetwork:#script] <Buddha> .hunton
[GhostNetwork:#script] <Buddha> .save
[GhostNetwork:#script] <Buddha> .list
[GhostNetwork:#script] <Buddha> .listgroups
[GhostNetwork:#script] <Buddha> .listfactoids
[GhostNetwork:#script] <Buddha> .addfactoid
[GhostNetwork:#script] <Buddha> .fact
[GhostNetwork:#script] <Buddha> .fact
[GhostNetwork:#script] <Buddha> .talk
[GhostNetwork:#script] <Buddha> .words
[GhostNetwork:#script] <Buddha> .yelp
[GhostNetwork:#script] <Buddha> .find
