[GhostNetwork:#script] <Buddha> .restart test
[GhostNetwork:#script] <Buddha> https://www.comixology.com/Batman-The-Killing-Joke/digital-comic/48363?ref=c2l0ZS9hamF4U2xpZGVyL2Rlc2t0b3Avc2xpZGVyTGlzdC8xMDcwOQ
[GhostNetwork:#script] <Buddha> https://www.comixology.com/Batman-The-Killing-Joke/digital-comic/48363?ref=c2l0ZS9hamF4U2xpZGVyL2Rlc2t0b3Avc2xpZGVyTGlzdC8xMDcwOQ
[GhostNetwork:#script] <Buddha> .restart test
[GhostNetwork:#script] <Buddha> https://www.comixology.com/Batman-The-Killing-Joke/digital-comic/48363?ref=c2l0ZS9hamF4U2xpZGVyL2Rlc2t0b3Avc2xpZGVyTGlzdC8xMDcwOQ
[GhostNetwork:#script] <Buddha> https://www.comixology.com/Batman-The-Killing-Joke/digital-comic/48363?ref=c2l0ZS9hamF4U2xpZGVyL2Rlc2t0b3Avc2xpZGVyTGlzdC8xMDcwOQ
[GhostNetwork:#script] <Buddha> .restart last time
[GhostNetwork:#script] <Buddha> https://www.comixology.com/Batman-The-Killing-Joke/digital-comic/48363?ref=c2l0ZS9hamF4U2xpZGVyL2Rlc2t0b3Avc2xpZGVyTGlzdC8xMDcwOQ
[GhostNetwork:#script] <Buddha> .ban blah
[GhostNetwork:#script] <Buddha> .voice buddha
[GhostNetwork:#script] -!- mode/#script [+o Mary] by Buddha
[GhostNetwork:#script] <Buddha> .voice buddha
[GhostNetwork:#script] -!- mode/#script [+v Buddha] by Mary
[GhostNetwork:#script] <Buddha> .devoice buddha
[GhostNetwork:#script] -!- mode/#script [-v Buddha] by Mary
[GhostNetwork:#script] <Buddha> .keep_alive
[GhostNetwork:#script] <Buddha> https://youtu.be/dR_6VPlP9eE?t=1m51s
[GhostNetwork:#script] <Buddha> http://www.facebook.com
[GhostNetwork:#script] <Buddha> http://www.fuckshitup.com
[GhostNetwork:#script] <Buddha> .restart r
[GhostNetwork:#script] <Buddha> https://youtu.be/dR_6VPlP9eE?t=1m51s
[GhostNetwork:#script] <Buddha> .yt charles dozsa
[GhostNetwork:#script] <Buddha> http://www.facebook.com
[GhostNetwork:#script] <Buddha> .restart ing
[GhostNetwork:#script] <Buddha> .reload
[GhostNetwork:#script] <Buddha> http://www.facebook.com
[GhostNetwork:#script] <Buddha> https://youtu.be/dR_6VPlP9eE?t=1m51s
[GhostNetwork:#script] <Buddha> http://youtu.be/NbVJU1CuM0Q
[GhostNetwork:#script] <Buddha> .restart brb
[GhostNetwork:#script] <Buddha> .sms buddha hi
[GhostNetwork:#script] <Buddha> .sms buddha hello there :)
[GhostNetwork:#script] <Buddha> .restart 2
[GhostNetwork:#script] <Buddha> .sms buddha hello there
[GhostNetwork:#script] <Buddha> .restart 3
[GhostNetwork:#script] <Buddha> .sms buddha hi 
[GhostNetwork:#script] <Buddha> .restart 4
[GhostNetwork:#script] <Buddha> .sms buddha hohoho
[GhostNetwork:#script] <Buddha> .restart 555
[GhostNetwork:#script] <Buddha> .sms buddha wtf
[GhostNetwork:#script] <Buddha> .restart 666
[GhostNetwork:#script] <Buddha> .sms buddha gutentag
[GhostNetwork:#script] <Buddha> .restart ok last time for now
[GhostNetwork:#script] <Buddha> .sms Buddha yay it works!
