[GhostNetwork:#script] <Buddha> .addbongs 25091
[GhostNetwork:#script] <Buddha> .cs
[GhostNetwork:#script] <Buddha> .addbongs 25091
[GhostNetwork:#script] <Buddha> .cs
[GhostNetwork:#script] <Buddha> .s
[GhostNetwork:#script] <Buddha> .s
[GhostNetwork:#script] <Buddha> .s
[GhostNetwork:#script] <Buddha> .cs
[GhostNetwork:#script] <Buddha> .s SagaciousKJB
[GhostNetwork:#script] <Buddha> .s
[GhostNetwork:#script] <Buddha> .stats
[GhostNetwork:#script] <Buddha> .s
[GhostNetwork:#script] <Buddha> .s
[GhostNetwork:#script] <Buddha> .cs
[GhostNetwork:#script] <Buddha> .s
[GhostNetwork:#script] <Buddha> .s
[GhostNetwork:#script] <Buddha> .s SagaciousKJB
[GhostNetwork:#script] <Buddha> .cs
[GhostNetwork:#script] <Buddha> .s
[GhostNetwork:#script] <Buddha> .s Laz
[GhostNetwork:#script] <Buddha> .s
[GhostNetwork:#script] <Buddha> .cs
[GhostNetwork:#script] <Buddha> addbongs 25101
[GhostNetwork:#script] <Buddha> .addbongs 25101
[GhostNetwork:#script] <Buddha> .cs
[GhostNetwork:#script] <Buddha> .adduserbongs Buddha 9736
[GhostNetwork:#script] <Buddha> .s
[GhostNetwork:#script] <Buddha> .adduserbongs Buddha 9736
[GhostNetwork:#script] <Buddha> .adduserbongs Buddha 9736
[GhostNetwork:#script] <Buddha> .adduserbongs Buddha 9736
[GhostNetwork:#script] <Buddha> .s
[GhostNetwork:#script] <Buddha> .cs
[GhostNetwork:#script] <Buddha> .cs
[GhostNetwork:#script] <Buddha> .s H5
[GhostNetwork:#script] <Buddha> .s GhostofCT
[GhostNetwork:#script] <Buddha> finally
[GhostNetwork:#script] <Buddha> ugh
[GhostNetwork:#script] <Buddha> ok
[GhostNetwork:#script] <Buddha> let's try this again, shall we?
[GhostNetwork:#script] <Buddha> .s
[GhostNetwork:#script] <Buddha> .cs
[GhostNetwork:#script] <Buddha> .s
[GhostNetwork:#script] <Buddha> .addbongs 25103
[GhostNetwork:#script] <Buddha> .cs
[GhostNetwork:#script] <Buddha>  Go, Buddha 9738 eggbot 53 Laz 7180 Spark it up!!!! Total  ?  25103  ? 
[GhostNetwork:#script] <Buddha> Go, Buddha 9738 eggbot 53 Laz 7180 Spark it up!!!! Total  ?  25103  ? 
[GhostNetwork:#script] <Buddha> Go, Buddha 9738 eggbot 53 Laz 7180 Spark it up!!!! Total  ?  25103  ? 
[GhostNetwork:#script] <Buddha> Go, Buddha 9738 eggbot 53 Laz 7180 Spark it up!!!! Total  ?  25103  ? 
[GhostNetwork:#script] <Buddha> Go, Buddha 9738 eggbot 53 Laz 7180 Spark it up!!!! Total  ?  25103  ? 
[GhostNetwork:#script] <Buddha> Go, Buddha 9738 eggbot 53 Laz 7180 Spark it up!!!! Total  ?  25103  ? 
[GhostNetwork:#script] <Buddha> Go, Buddha 9738 eggbot 53 Laz 7180 Spark it up!!!! Total  ?  25103  ? 
[GhostNetwork:#script] <Buddha> .cs
[GhostNetwork:#script] <Buddha> .s
[GhostNetwork:#script] <Buddha> .s
[GhostNetwork:#script] <Buddha> Go, Buddha 9738 eggbot 53 Laz 7180 Spark it up!!!! Total  ?  25103  ? 
[GhostNetwork:#script] <Buddha> .cs
[GhostNetwork:#script] <Buddha> .s
[GhostNetwork:#script] <Buddha> .s
[GhostNetwork:#script] <Buddha> .cs
[GhostNetwork:#script] <Buddha> Go, Buddha 9739 eggbot 54 Laz 7181 Spark it up!!!! Total  ?  25104  ?
[GhostNetwork:#script] <Buddha> .s
[GhostNetwork:#script] <Buddha> .cs
[GhostNetwork:#script] <Buddha> ssdf
[GhostNetwork:#script] <Buddha> sdf
[GhostNetwork:#script] <Buddha> sd
[GhostNetwork:#script] <Buddha> fsd
[GhostNetwork:#script] <Buddha> f.cs
[GhostNetwork:#script] <Buddha> .cs
[GhostNetwork:#script] <Buddha> .s
[GhostNetwork:#script] <Buddha> .s
[GhostNetwork:#script] <Buddha> .throwduck
[GhostNetwork:#script] <Buddha> .throwduck
[GhostNetwork:#script] <Buddha> .s Laz
[GhostNetwork:#script] <Buddha> .cs
[GhostNetwork:#script] <Buddha> .s
[GhostNetwork:#script] <Buddha> .cs
[GhostNetwork:#script] <Buddha> .cs
[GhostNetwork:#script] <Buddha> .s
[GhostNetwork:#script] <Buddha> .cs
[GhostNetwork:#script] <Buddha> .s
[GhostNetwork:#script] <Buddha> .s
[GhostNetwork:#script] <Buddha> .cs
[GhostNetwork:#script] <Buddha> .s
[GhostNetwork:#script] <Buddha> .s Laz
[GhostNetwork:#script] <Buddha> .cs
[GhostNetwork:#script] <Buddha> Go, Buddha 9754 SagaciousKJB 985 Spark it up!!!! Total  \xa4 \x03 25119  \xa4 \x03
[GhostNetwork:#script] <Buddha> Go, Buddha 9754 SagaciousKJB 985 Spark it up!!!! Total  \xa4 \x03 25119  \xa4 \x03
[GhostNetwork:#script] <Buddha> Go, Buddha 9754 SagaciousKJB 985 Spark it up!!!! Total  \xa4 \x03 25119  \xa4 \x03
[GhostNetwork:#script] <Buddha> .cs
[GhostNetwork:#script] <Buddha> .s
[GhostNetwork:#script] <Buddha> .stats
[GhostNetwork:#script] <Buddha> .s
[GhostNetwork:#script] <Buddha> .addbongs 25123
[GhostNetwork:#script] <Buddha> .s
[GhostNetwork:#script] <Buddha> .cs
[GhostNetwork:#script] <Buddha> .addbongs 25125
[GhostNetwork:#script] <Buddha> .cs
[GhostNetwork:#script] <Buddha> .cs
[GhostNetwork:#script] <Buddha> .s
[GhostNetwork:#script] <Buddha> .cs
[GhostNetwork:#script] <Buddha> .cs
[GhostNetwork:#script] <Buddha> .cs
[GhostNetwork:#script] <Buddha> .s
[GhostNetwork:#script] <Buddha> .cs
[GhostNetwork:#script] <Buddha> .s
[GhostNetwork:#script] <Buddha> Go, nick1 9794 nick2 13429 Spark it up!!!! Total  ¤  25125  ¤
[GhostNetwork:#script] <Buddha> .stats nick1
[GhostNetwork:#script] <Buddha> Go, Buddha 9768 CaliGangstar 298 Spark it up!!!! Total  ¤  25134  ¤
[GhostNetwork:#script] <Buddha> .cs
[GhostNetwork:#script] <Buddha> .s
[GhostNetwork:#script] <Buddha> .encode \x03testest\x03
[GhostNetwork:#script] <Buddha_> Total  ¤  25136  ¤ 
[GhostNetwork:#script] <Buddha> .s
[GhostNetwork:#script] <Buddha> .op mary
[GhostNetwork:#script] -!- mode/#script [+ntr] by ChanServ
[GhostNetwork:#script] -!- mode/#script [+q Buddha] by ChanServ
[GhostNetwork:#script] <Buddha> .op mary
[GhostNetwork:#script] <Buddha> .cmd msg chanserv op #script mary
[GhostNetwork:#script] <Buddha> .do msg chanserv op
[GhostNetwork:#script] <Buddha> .raw
[GhostNetwork:#script] <Buddha> .raw msg chanserv op #script mary
[GhostNetwork:#script] <Buddha> .raw query chanserv op #script mary
[GhostNetwork:#script] <Buddha> .raw privmsg chanserv op #script mary
[GhostNetwork:#script] -!- mode/#script [+o Mary] by ChanServ
[GhostNetwork:#script] -!- mode/#script [+o Buddha] by ChanServ
[GhostNetwork:#script] -!- mode/#script [-o Buddha] by ChanServ
[GhostNetwork:#script] <Buddha> .deop mary
[GhostNetwork:#script] -!- mode/#script [-o Mary] by ChanServ
[GhostNetwork:#script] <Buddha> .op
[GhostNetwork:#script] <Buddha> .op mary
[GhostNetwork:#script] -!- mode/#script [+o Mary] by ChanServ
[GhostNetwork:#script] <Buddha> Go, Buddha 9768 CaliGangstar98 300park it up!!!! Total  ¤  25134  ¤
[GhostNetwork:#script] <Buddha> Go, Buddha 9768 CaliGangstar98 300pa Srk it up!!!! Total  ¤  25134  ¤
[GhostNetwork:#script] <Buddha> Go, Buddha 10000 CaliGangstar 300 Laz 7431 Spark it up!!!! Total  ¤  25134  ¤
[GhostNetwork:#script] <Buddha> Go, Buddha 10000 CaliGangstar 300 Laz 7431 Spark it up!!!! Total  ¤  25134  ¤
[GhostNetwork:#script] <Buddha> .s
[GhostNetwork:#script] <Buddha> .cs
[GhostNetwork:#script] <Buddha> .s CaliGangstar
[GhostNetwork:#script] <Buddha> .s caligangstar
[GhostNetwork:#script] <Buddha> .cs
[GhostNetwork:#script] <Buddha> .cs
[GhostNetwork:#script] <Buddha> .cs
[GhostNetwork:#script] <Buddha> .cs
[GhostNetwork:#script] <Buddha> Go, Buddha 9773 Mary 1633 Spark it up!!!! Total  \xa4 \x03 25139  \xa4 \x03
[GhostNetwork:#script] <Buddha> Go, Buddha 9773 Mary 1633 Spark it up!!!! Total  \xa4 \x03 25139  \xa4 \x03
[GhostNetwork:#script] <Buddha> Go, Buddha 9773 Mary 1633 Spark it up!!!! Total  \xa4 \x03 25139  \xa4 \x03
[GhostNetwork:#script] <Buddha> Go, Buddha 9773 Mary 1633 Spark it up!!!! Total  \xa4 \x03 25139  \xa4 \x03
[GhostNetwork:#script] <Buddha> Go, Buddha 9773 Mary 1633 Spark it up!!!! Total  \xa4 \x03 25139  \xa4 \x03
[GhostNetwork:#script] <Buddha> Go, Buddha 9773 Mary 1633 Spark it up!!!! Total  \xa4 \x03 25139  \xa4 \x03
[GhostNetwork:#script] <Buddha> .fact
[GhostNetwork:#script] <Buddha> .factoid
[GhostNetwork:#script] <Buddha> .fact
[GhostNetwork:#script] <Buddha> balls Ready for a b?
[GhostNetwork:#script] -!- mode/#script [-q Buddha] by Buddha
[GhostNetwork:#script] -!- mode/#script [+q Buddha] by Buddha
[GhostNetwork:#script] -!- mode/#script [-q Buddha] by Buddha
[GhostNetwork:#script] -!- mode/#script [+q Buddha] by Buddha
[GhostNetwork:#script] -!- mode/#script [-q Buddha] by Buddha
[GhostNetwork:#script] -!- mode/#script [+q Buddha] by Buddha
[GhostNetwork:#script] -!- mode/#script [-q Buddha] by Buddha
[GhostNetwork:#script] <Buddha> .s
[GhostNetwork:#script] <Buddha> .s
[GhostNetwork:#script] <Buddha> .s
[GhostNetwork:#script] <Buddha> Go, Buddha 9773 Mary 1633 Spark it up!!!! Total  \xa4 \x03 25139  \xa4 \x03
[GhostNetwork:#script] <Buddha> Go, Buddha 9773 Mary 1633 Spark it up!!!! Total  \xa4 \x03 25139  \xa4 \x03
[GhostNetwork:#script] <Buddha> .s
[GhostNetwork:#script] <Buddha> .cs
[GhostNetwork:#script] <Buddha> .cs
[GhostNetwork:#script] <Buddha> .cs
