[GhostNetwork:#script] <Buddha> .beer heineken
[GhostNetwork:#script] <Buddha> .beer heineken
[GhostNetwork:#script] <Buddha> .beer heineken
[GhostNetwork:#script] <Buddha> .beer heineken
[GhostNetwork:#script] <Buddha> ?record
[GhostNetwork:#script] <Buddha> .addspeed Buddha 1.674
[GhostNetwork:#script] <Buddha> .addspeed Buddha 1.674
[GhostNetwork:#script] <Buddha> .addspeed Buddha 1.674
[GhostNetwork:#script] <Buddha> .addspeed Buddha 1.674
[GhostNetwork:#script] <Buddha> .addspeed Buddha 1.674
[GhostNetwork:#script] <Buddha> .addspeed Buddha 1.674
[GhostNetwork:#script] <Buddha> .ducks
[GhostNetwork:#script] <Buddha> .stophunt
[GhostNetwork:#script] <Buddha> .duckstats
[GhostNetwork:#script] <Buddha> .ducks
[GhostNetwork:#script] <Buddha> .friends
[GhostNetwork:#script] <Buddha> Go, Buddha 9697 SagaciousKJB 955 Spark it up!!!! Total  ?  25056  ? 
[GhostNetwork:#script] <Buddha> Go, Buddha 9697 SagaciousKJB 955 Spark it up!!!! Total  ?  25056  ? 
[GhostNetwork:#script] <Buddha> Go, Buddha 9697 SagaciousKJB 955 Spark it up!!!! Total  ?  25056  ? 
[GhostNetwork:#script] <Buddha> Go, Buddha 9697 SagaciousKJB 955 Spark it up!!!! Total  ?  25056  ? 
[GhostNetwork:#script] <Buddha> Go, Buddha 9697 SagaciousKJB 955 Spark it up!!!! Total  ?  25056  ? 
[GhostNetwork:#script] <Buddha> .restart test
[GhostNetwork:#script] <Buddha> Go, Buddha 9697 SagaciousKJB 955 Spark it up!!!! Total  ?  25056  ? 
[GhostNetwork:#script] <Buddha> Go, Buddha 9697 SagaciousKJB 955 Spark it up!!!! Total  ?  25056  ? 
[GhostNetwork:#script] <Buddha> Go, Buddha 9697 SagaciousKJB 955 Spark it up!!!! Total  ?  25056  ? 
[GhostNetwork:#script] <Buddha> Go, Buddha 9697 SagaciousKJB 955 Spark it up!!!! Total  ?  25056  ? 
[GhostNetwork:#script] <Buddha> Go, Buddha 9697 SagaciousKJB 955 Spark it up!!!! Total  ?  25056  ? 
[GhostNetwork:#script] <Buddha> Go, Buddha 9697 SagaciousKJB 955 Spark it up!!!! Total  ?  25056  ? 
[GhostNetwork:#script] <Buddha> Go, Buddha 9697 SagaciousKJB 955 Spark it up!!!! Total  ?  25056  ? 
[GhostNetwork:#script] <Buddha> Go, Buddha 9697 SagaciousKJB 955 Spark it up!!!! Total  ?  25056  ? 
[GhostNetwork:#script] <Buddha> Go, Buddha 9697 SagaciousKJB 955 Spark it up!!!! Total  ?  25056  ? 
[GhostNetwork:#script] <Buddha> Go, Buddha 9697 SagaciousKJB 955 Spark it up!!!! Total  ?  25056  ? 
[GhostNetwork:#script] <Buddha> Go, Buddha 9697 SagaciousKJB 955 Spark it up!!!! Total  ?  25056  ? 
[GhostNetwork:#script] <Buddha> blargh
[GhostNetwork:#script] <Buddha> blargh
[GhostNetwork:#script] <Buddha> "The first argument returned for 'PRIVMSG' be a two-element list of the form ["#channel", "text"]. Details on what other types of event return will be added soon."
[GhostNetwork:#script] <Buddha> can't find an example
[GhostNetwork:#script] <Buddha> can't find an example
[GhostNetwork:#script] <Buddha> can't find an example
[GhostNetwork:#script] <Buddha> can't find a test++ 
[GhostNetwork:#script] <Buddha> can't find a test++ 
[GhostNetwork:#script] <Buddha> can't find a test--
[GhostNetwork:#script] <Buddha> lkjhdsfjlkhsdflkjhsdflkhj skldjfh lksdfhlk sdfhkjdhsflks dfkh skldfh slkdfh sldk lsdjhf
[GhostNetwork:#script] <Buddha> .stats
[GhostNetwork:#script] <Buddha> .help stats
[GhostNetwork:#script] <Buddha> .stats
[GhostNetwork:#script] <Buddha> .stats buddha
[GhostNetwork:#script] <Buddha> .stats buddha
[GhostNetwork:#script] <Buddha> .stats Buddha
[GhostNetwork:#script] <Buddha> .stats Buddha
[GhostNetwork:#script] <Buddha> .stats Buddha
[GhostNetwork:#script] <Buddha> .stats Buddha
[GhostNetwork:#script] <Buddha> .stats Buddha
[GhostNetwork:#script] <Buddha> fuck
[GhostNetwork:#script] <Buddha> .stats
[GhostNetwork:#script] <Buddha> .stats
[GhostNetwork:#script] <Buddha> .stats
[GhostNetwork:#script] <Buddha> f
[GhostNetwork:#script] <Buddha> .stats
[GhostNetwork:#script] <Buddha> .stats
[GhostNetwork:#script] <Buddha> .stats
[GhostNetwork:#script] <Buddha> .ducks
[GhostNetwork:#script] <Buddha> .duckstats
