[GhostNetwork:#script] <Buddha> .stats
[GhostNetwork:#script] <Buddha> .stats ghostofct
[GhostNetwork:#script] <Buddha> .stats GhostofCT
[GhostNetwork:#script] <Buddha> .stats Neo
[GhostNetwork:#script] <Buddha> .stats Neo
[GhostNetwork:#script] <Buddha> .stats
[GhostNetwork:#script] <Buddha> .stats
[GhostNetwork:#script] <Buddha> .stats
[GhostNetwork:#script] <Buddha> .stats
[GhostNetwork:#script] <Buddha> .stats SagaciousKJB
[GhostNetwork:#script] <Buddha> .stats SagaciousKJB
[GhostNetwork:#script] <Buddha> .stats
[GhostNetwork:#script] <Buddha> .stats
[GhostNetwork:#script] <Buddha> .stats
[GhostNetwork:#script] <Buddha> .s
[GhostNetwork:#script] <Buddha> .stats
[GhostNetwork:#script] <Buddha> .stats
[GhostNetwork:#script] <Buddha> .stats Buddha
[GhostNetwork:#script] <Buddha> .stats
[GhostNetwork:#script] <Buddha> .stats
[GhostNetwork:#script] <Buddha> .stats
[GhostNetwork:#script] <Buddha> .stats
[GhostNetwork:#script] <Buddha> .stats
[GhostNetwork:#script] <Buddha> .stats
[GhostNetwork:#script] <Buddha> .stats
[GhostNetwork:#script] <Buddha> .stats
[GhostNetwork:#script] <Buddha> yes
[GhostNetwork:#script] <Buddha> .stats
[GhostNetwork:#script] <Buddha> .restart yes
[GhostNetwork:#script] <Buddha> .stats
[GhostNetwork:#script] <Buddha> yes
[GhostNetwork:#script] <Buddha> .stats
[GhostNetwork:#script] <Buddha> OOoo
[GhostNetwork:#script] <Buddha> .stats
[GhostNetwork:#script] <Buddha> .stats
[GhostNetwork:#script] <Buddha> kjlkhjdflkjhdsfg
[GhostNetwork:#script] <Buddha> sdf
[GhostNetwork:#script] <Buddha> .stats
[GhostNetwork:#script] <Buddha> .stats
[GhostNetwork:#script] <Buddha> .stats
[GhostNetwork:#script] <Buddha> .stats
[GhostNetwork:#script] <Buddha> .stats
[GhostNetwork:#script] <Buddha> !smokedsfdf
[GhostNetwork:#script] <Buddha> .stats
[GhostNetwork:#script] <Buddha> .stats
[GhostNetwork:#script] <Buddha> .stats
[GhostNetwork:#script] <Buddha> .bongstats
[GhostNetwork:#script] <Buddha> .bongstats
[GhostNetwork:#script] <Buddha> .s
[GhostNetwork:#script] * Buddha tries
[GhostNetwork:#script] <Buddha> .s
[GhostNetwork:#script] * Buddha does
[GhostNetwork:#script] <Buddha> .s
[GhostNetwork:#script] <Buddha> .cs
[GhostNetwork:#script] <Buddha> .cs
[GhostNetwork:#script] <Buddha> .s
[GhostNetwork:#script] <Buddha> .s
[GhostNetwork:#script] <Buddha> jkldahflkhajdsf
[GhostNetwork:#script] <Buddha> .s
[GhostNetwork:#script] <Buddha> .stats
[GhostNetwork:#script] <Buddha> sdfadfdsf
[GhostNetwork:#script] <Buddha> .stats
[GhostNetwork:#script] <Buddha> there we go
[GhostNetwork:#script] <Buddha> that's much better than it was before
[GhostNetwork:#script] <Buddha> .s
[GhostNetwork:#script] * Buddha fucks
[GhostNetwork:#script] <Buddha> .s
[GhostNetwork:#script] <Buddha> .cs
[GhostNetwork:#script] <Buddha> .s
[GhostNetwork:#script] <Buddha> .stats
[GhostNetwork:#script] <Buddha> .stats Laz
[GhostNetwork:#script] <Buddha> .cs
[GhostNetwork:#script] <Buddha> .s
[GhostNetwork:#script] <Buddha> .cs
[GhostNetwork:#script] <Buddha> .cstats
[GhostNetwork:#script] <Buddha> .s
[GhostNetwork:#script] <Buddha> .cs
[GhostNetwork:#script] <Buddha> .cs
[GhostNetwork:#script] <Buddha> .cs
[GhostNetwork:#script] <Buddha> .s
[GhostNetwork:#script] <Buddha> .cs
