[GhostNetwork:#script] <Buddha> .restart ;djkhg
[GhostNetwork:#script] <Buddha> !op
[GhostNetwork:#script] <Buddha> !op buddha
[GhostNetwork:#script] -!- mode/#script [+o Buddha] by Buddha
[GhostNetwork:#script] <Buddha> .toke
[GhostNetwork:#script] <Buddha> .restart had;fg
[GhostNetwork:#script] <Buddha> .toke
[GhostNetwork:#script] <Buddha> .restart had;fg
[GhostNetwork:#script] <Buddha> .toke
[GhostNetwork:#script] <Buddha> .toke
[GhostNetwork:#script] <Buddha> .toke adf
[GhostNetwork:#script] <Buddha> .restart ggg
[GhostNetwork:#script] <Buddha> .toke
[GhostNetwork:#script] <Buddha> .b
[GhostNetwork:#script] <Buddha> .unload
[GhostNetwork:#script] <Buddha> .reload
[GhostNetwork:#script] <Buddha> .plugins
[GhostNetwork:#script] <Buddha> .plugin
[GhostNetwork:#script] <Buddha> .bot
[GhostNetwork:#script] <Buddha> .restart testing toke
[GhostNetwork:#script] <Buddha> .toke
[GhostNetwork:#script] <Buddha> .toke
[GhostNetwork:#script] <Buddha> .restart blah
[GhostNetwork:#script] <Buddha> .toke
[GhostNetwork:#script] <Buddha> .restart lkjdahfgad
[GhostNetwork:#script] <Buddha> .toke
[GhostNetwork:#script] <Buddha> .help toke
[GhostNetwork:#script] <Buddha> .restart fuck
[GhostNetwork:#script] <Buddha> .toke
[GhostNetwork:#script] <Buddha> .help toke
[GhostNetwork:#script] <Buddha> .toke
[GhostNetwork:#script] <Buddha> .restart ldksjfghd
[GhostNetwork:#script] <Buddha> .toke
[GhostNetwork:#script] <Buddha> .restart ldksjfghd
[GhostNetwork:#script] <Buddha> .toke
[GhostNetwork:#script] <Buddha> .g toke
[GhostNetwork:#script] <Buddha> .restart ldksjfghd
[GhostNetwork:#script] <Buddha> .toke
[GhostNetwork:#script] <Buddha> .restart FUCK
[GhostNetwork:#script] <Buddha> .toke
[GhostNetwork:#script] <Buddha> .restart ;asdfj
[GhostNetwork:#script] <Buddha> .toke
[GhostNetwork:#script] <Buddha> .restart ;asdfj
[GhostNetwork:#script] <Buddha> .toke
[GhostNetwork:#script] <Buddha> .toke
[GhostNetwork:#script] <Buddha> .toke
[GhostNetwork:#script] <Buddha> .toke blah
[GhostNetwork:#script] <Buddha> .restart ;asdfj
[GhostNetwork:#script] <Buddha> .toke
[GhostNetwork:#script] <Buddha> .toke sdg
[GhostNetwork:#script] <Buddha> .restart ;asdfj
[GhostNetwork:#script] <Buddha> .toke
[GhostNetwork:#script] <Buddha> ,toke sdg
[GhostNetwork:#script] <Buddha> .toke sdg
[GhostNetwork:#script] <Buddha> .restart fuck this python bullshit
[GhostNetwork:#script] <Buddha> .toke fuck
[GhostNetwork:#script] <Buddha> .toke
[GhostNetwork:#script] <Buddha> .toke fucsdjfklhadkjhldfkg
[GhostNetwork:#script] <Buddha> .toke
[GhostNetwork:#script] <Buddha> .toke
[GhostNetwork:#script] <Buddha> .restart sdg
[GhostNetwork:#script] <Buddha> .toke
[GhostNetwork:#script] <Buddha> .restart sdf
[GhostNetwork:#script] <Buddha> .toke
[GhostNetwork:#script] <Buddha> .restart last time today I promise sorry
[GhostNetwork:#script] <Buddha> .toke
